2025-12-04 01:19:32,947 INFO    MainThread:2629 [wandb_setup.py:_flush():80] Current SDK version is 0.23.0
2025-12-04 01:19:32,947 INFO    MainThread:2629 [wandb_setup.py:_flush():80] Configure stats pid to 2629
2025-12-04 01:19:32,947 INFO    MainThread:2629 [wandb_setup.py:_flush():80] Loading settings from /Users/sivaakashramini/.config/wandb/settings
2025-12-04 01:19:32,947 INFO    MainThread:2629 [wandb_setup.py:_flush():80] Loading settings from /Users/sivaakashramini/sentiment_rl_trader/wandb/settings
2025-12-04 01:19:32,947 INFO    MainThread:2629 [wandb_setup.py:_flush():80] Loading settings from environment variables
2025-12-04 01:19:32,947 INFO    MainThread:2629 [wandb_init.py:setup_run_log_directory():713] Logging user logs to /Users/sivaakashramini/sentiment_rl_trader/wandb/run-20251204_011932-m63ifkgb/logs/debug.log
2025-12-04 01:19:32,947 INFO    MainThread:2629 [wandb_init.py:setup_run_log_directory():714] Logging internal logs to /Users/sivaakashramini/sentiment_rl_trader/wandb/run-20251204_011932-m63ifkgb/logs/debug-internal.log
2025-12-04 01:19:32,947 INFO    MainThread:2629 [wandb_init.py:init():840] calling init triggers
2025-12-04 01:19:32,947 INFO    MainThread:2629 [wandb_init.py:init():845] wandb.init called with sweep_config: {}
config: {'ticker': 'AAPL', 'lstm_epochs': 50, 'rl_episodes': 500, '_wandb': {}}
2025-12-04 01:19:32,947 INFO    MainThread:2629 [wandb_init.py:init():888] starting backend
2025-12-04 01:19:33,174 INFO    MainThread:2629 [wandb_init.py:init():891] sending inform_init request
2025-12-04 01:19:33,189 INFO    MainThread:2629 [wandb_init.py:init():899] backend started and connected
2025-12-04 01:19:33,205 INFO    MainThread:2629 [wandb_init.py:init():969] updated telemetry
2025-12-04 01:19:33,206 INFO    MainThread:2629 [wandb_init.py:init():993] communicating run to backend with 90.0 second timeout
2025-12-04 01:19:33,754 INFO    MainThread:2629 [wandb_init.py:init():1040] starting run threads in backend
2025-12-04 01:19:33,784 INFO    MainThread:2629 [wandb_run.py:_console_start():2504] atexit reg
2025-12-04 01:19:33,784 INFO    MainThread:2629 [wandb_run.py:_redirect():2352] redirect: wrap_raw
2025-12-04 01:19:33,784 INFO    MainThread:2629 [wandb_run.py:_redirect():2421] Wrapping output streams.
2025-12-04 01:19:33,784 INFO    MainThread:2629 [wandb_run.py:_redirect():2444] Redirects installed.
2025-12-04 01:19:33,785 INFO    MainThread:2629 [wandb_init.py:init():1080] run started, returning control to user process
2025-12-04 01:19:39,687 INFO    wandb-AsyncioManager-main:2629 [service_client.py:_forward_responses():80] Reached EOF.
2025-12-04 01:19:39,688 INFO    wandb-AsyncioManager-main:2629 [mailbox.py:close():137] Closing mailbox, abandoning 1 handles.
