#0 building with "desktop-linux" instance using docker driver

#1 [internal] load build definition from Dockerfile
#1 transferring dockerfile: 1.29kB done
#1 DONE 0.0s

#2 [internal] load metadata for docker.io/library/ubuntu:20.04
#2 ...

#3 [auth] library/ubuntu:pull token for registry-1.docker.io
#3 DONE 0.0s

#2 [internal] load metadata for docker.io/library/ubuntu:20.04
#2 DONE 0.6s

#4 [internal] load .dockerignore
#4 transferring context: 2B done
#4 DONE 0.0s

#5 [internal] load build context
#5 transferring context: 216B done
#5 DONE 0.0s

#6 [ 6/15] RUN python3 -m pip install --upgrade pip
#6 CACHED

#7 [ 3/15] RUN apt-get -y upgrade
#7 CACHED

#8 [ 4/15] RUN apt install -y --no-install-recommends     sudo     curl     systemctl     gnupg     git     vim
#8 CACHED

#9 [ 7/15] RUN pip3 install     ipython     tornado==6.1     jupyter-client==7.3.2     jupyter-contrib-core     jupyter-contrib-nbextensions     psycopg2-binary     yapf
#9 CACHED

#10 [ 8/15] RUN mkdir /install
#10 CACHED

#11 [ 5/15] RUN apt install -y --no-install-recommends     python3     python3-pip     python3-dev
#11 CACHED

#12 [ 9/15] ADD install_jupyter_extensions.sh /install
#12 ERROR: failed to calculate checksum of ref 5carf82f5q3hkbt9bdml9s12z::y5rlj57gnchd5p0vvljc7usiq: "/install_jupyter_extensions.sh": not found

#13 [10/15] RUN /install/install_jupyter_extensions.sh
#13 CACHED

#14 [12/15] COPY etc_sudoers /etc/sudoers
#14 ERROR: failed to calculate checksum of ref 5carf82f5q3hkbt9bdml9s12z::y5rlj57gnchd5p0vvljc7usiq: "/etc_sudoers": not found

#15 [11/15] ADD etc_sudoers /install/
#15 ERROR: failed to calculate checksum of ref 5carf82f5q3hkbt9bdml9s12z::y5rlj57gnchd5p0vvljc7usiq: "/etc_sudoers": not found

#16 [13/15] COPY bashrc /root/.bashrc
#16 ERROR: failed to calculate checksum of ref 5carf82f5q3hkbt9bdml9s12z::y5rlj57gnchd5p0vvljc7usiq: "/bashrc": not found

#17 [ 1/15] FROM docker.io/library/ubuntu:20.04@sha256:8feb4d8ca5354def3d8fce243717141ce31e2c428701f6682bd2fafe15388214
#17 resolve docker.io/library/ubuntu:20.04@sha256:8feb4d8ca5354def3d8fce243717141ce31e2c428701f6682bd2fafe15388214 done
#17 sha256:ecd83b6c354452b6a9979c7666bba16927f1e60e2afbfe6401dd6f87d5db8576 0B / 25.98MB
#17 ...

#18 [ 2/15] RUN apt-get -y update
#18 CANCELED
------
 > [ 9/15] ADD install_jupyter_extensions.sh /install:
------
------
 > [11/15] ADD etc_sudoers /install/:
------
------
 > [12/15] COPY etc_sudoers /etc/sudoers:
------
------
 > [13/15] COPY bashrc /root/.bashrc:
------
Dockerfile:48
--------------------
  46 |     ADD etc_sudoers /install/
  47 |     COPY etc_sudoers /etc/sudoers
  48 | >>> COPY bashrc /root/.bashrc
  49 |     
  50 |     # Report package versions.
--------------------
ERROR: failed to solve: failed to compute cache key: failed to calculate checksum of ref 5carf82f5q3hkbt9bdml9s12z::y5rlj57gnchd5p0vvljc7usiq: "/bashrc": not found

View build details: docker-desktop://dashboard/build/desktop-linux/desktop-linux/n3a483xmhaiyutnal5e9pwylg
