#0 building with "desktop-linux" instance using docker driver

#1 [internal] load build definition from Dockerfile
#1 transferring dockerfile: 1.79kB done
#1 DONE 0.0s

#2 [auth] library/ubuntu:pull token for registry-1.docker.io
#2 DONE 0.0s

#3 [internal] load metadata for docker.io/library/ubuntu:20.04
#3 DONE 0.4s

#4 [internal] load .dockerignore
#4 transferring context: 2B done
#4 DONE 0.0s

#5 [ 1/16] FROM docker.io/library/ubuntu:20.04@sha256:8feb4d8ca5354def3d8fce243717141ce31e2c428701f6682bd2fafe15388214
#5 resolve docker.io/library/ubuntu:20.04@sha256:8feb4d8ca5354def3d8fce243717141ce31e2c428701f6682bd2fafe15388214 done
#5 DONE 0.0s

#6 [internal] load build context
#6 transferring context: 2.62kB done
#6 DONE 0.0s

#7 [10/16] RUN chmod +x /install/install_jupyter_extensions.sh && /install/install_jupyter_extensions.sh
#7 CACHED

#8 [ 3/16] RUN apt-get -y upgrade
#8 CACHED

#9 [ 6/16] RUN python3 -m pip install --upgrade pip
#9 CACHED

#10 [ 9/16] ADD install_jupyter_extensions.sh /install
#10 CACHED

#11 [ 7/16] RUN pip3 install --no-cache-dir     --find-links https://storage.googleapis.com/jax-releases/jax_releases.html     ipython     tornado==6.1     jupyter-client==7.3.2     jupyter-contrib-core     jupyter-contrib-nbextensions     numpy     pandas     polars     scikit-learn     matplotlib     seaborn     flax     optax     'jax[cpu]==0.4.13'     psycopg2-binary     yapf
#11 CACHED

#12 [15/16] RUN /install/version.sh 2>&1 | tee version.log
#12 CACHED

#13 [ 8/16] RUN mkdir /install
#13 CACHED

#14 [ 5/16] RUN apt install -y --no-install-recommends     python3     python3-pip     python3-dev     python3-venv
#14 CACHED

#15 [ 4/16] RUN apt install -y --no-install-recommends     sudo     curl     systemctl     gnupg     git     vim     build-essential
#15 CACHED

#16 [11/16] ADD etc_sudoers /install/
#16 CACHED

#17 [14/16] ADD version.sh /install/
#17 CACHED

#18 [ 2/16] RUN apt-get -y update
#18 CACHED

#19 [13/16] COPY bashrc /root/.bashrc
#19 CACHED

#20 [12/16] COPY etc_sudoers /etc/sudoers
#20 CACHED

#21 [16/16] WORKDIR /app/project
#21 CACHED

#22 exporting to image
#22 exporting layers done
#22 exporting manifest sha256:e266c1276096f8a040c837b27c6c57b89a3cf5902caf215b534c783638929ce2 done
#22 exporting config sha256:f852f67ae844c0d7ea7222926ed5fc147c6306add826f222744dfc28da80a38b done
#22 exporting attestation manifest sha256:8e6f088eca260213b1a095d292c0935154175e92deb4ca4485b9ff818b56ef64 0.0s done
#22 exporting manifest list sha256:6c744de99ee461a0df454b17b0912fef43e8c067ceae660fb2e507502ef07526 done
#22 naming to docker.io/msml610/retail_sales_forecasting_lstms:latest done
#22 DONE 0.0s
