#0 building with "desktop-linux" instance using docker driver

#1 [internal] load build definition from Dockerfile
#1 transferring dockerfile: 1.79kB done
#1 DONE 0.0s

#2 [internal] load metadata for docker.io/library/ubuntu:20.04
#2 DONE 0.3s

#3 [internal] load .dockerignore
#3 transferring context: 2B done
#3 DONE 0.0s

#4 [ 1/16] FROM docker.io/library/ubuntu:20.04@sha256:8feb4d8ca5354def3d8fce243717141ce31e2c428701f6682bd2fafe15388214
#4 resolve docker.io/library/ubuntu:20.04@sha256:8feb4d8ca5354def3d8fce243717141ce31e2c428701f6682bd2fafe15388214 done
#4 DONE 0.0s

#5 [internal] load build context
#5 transferring context: 2.62kB done
#5 DONE 0.0s

#6 [ 7/16] RUN pip3 install --no-cache-dir     --find-links https://storage.googleapis.com/jax-releases/jax_releases.html     ipython     tornado==6.1     jupyter-client==7.3.2     jupyter-contrib-core     jupyter-contrib-nbextensions     numpy     pandas     polars     scikit-learn     matplotlib     seaborn     flax     optax     'jax[cpu]==0.4.13'     psycopg2-binary     yapf
#6 CACHED

#7 [11/16] ADD etc_sudoers /install/
#7 CACHED

#8 [12/16] COPY etc_sudoers /etc/sudoers
#8 CACHED

#9 [15/16] RUN /install/version.sh 2>&1 | tee version.log
#9 CACHED

#10 [13/16] COPY bashrc /root/.bashrc
#10 CACHED

#11 [10/16] RUN chmod +x /install/install_jupyter_extensions.sh && /install/install_jupyter_extensions.sh
#11 CACHED

#12 [ 6/16] RUN python3 -m pip install --upgrade pip
#12 CACHED

#13 [ 9/16] ADD install_jupyter_extensions.sh /install
#13 CACHED

#14 [ 8/16] RUN mkdir /install
#14 CACHED

#15 [ 4/16] RUN apt install -y --no-install-recommends     sudo     curl     systemctl     gnupg     git     vim     build-essential
#15 CACHED

#16 [ 2/16] RUN apt-get -y update
#16 CACHED

#17 [ 3/16] RUN apt-get -y upgrade
#17 CACHED

#18 [ 5/16] RUN apt install -y --no-install-recommends     python3     python3-pip     python3-dev     python3-venv
#18 CACHED

#19 [14/16] ADD version.sh /install/
#19 CACHED

#20 [16/16] WORKDIR /app/project
#20 CACHED

#21 exporting to image
#21 exporting layers done
#21 exporting manifest sha256:e266c1276096f8a040c837b27c6c57b89a3cf5902caf215b534c783638929ce2 done
#21 exporting config sha256:f852f67ae844c0d7ea7222926ed5fc147c6306add826f222744dfc28da80a38b done
#21 exporting attestation manifest sha256:f8e306967aabee498a690a7cf4761c8dd21d091022d0c145dd6a9e9059aaf24d 0.0s done
#21 exporting manifest list sha256:c22459374f03c4fb2ad2aa3af2020db2f137be9586f0c62e14373cc41678cbcc done
#21 naming to docker.io/msml610/retail_sales_forecasting_lstms:latest done
#21 DONE 0.0s
