2025-12-04 07:37:41,491 - INFO - loaded: 541,909 rows x 8 cols
2025-12-04 07:37:41,496 - INFO - 
=== starting data cleaning ===

2025-12-04 07:37:41,590 - INFO - removed dups: 5,268 rows
2025-12-04 07:37:42,052 - INFO - standardized text formatting
2025-12-04 07:37:42,950 - INFO - removed svc codes: 2,988 rows
2025-12-04 07:37:42,954 - INFO - zero/neg prices: 2,479 rows
2025-12-04 07:37:42,995 - INFO - capped qty: 4,840 at 100
2025-12-04 07:37:42,996 - INFO - capped price: 4,990 at $16.63
2025-12-04 07:37:42,997 - INFO - flagged returns: 8,771 rows (1.7%)
2025-12-04 07:37:43,017 - INFO - validated revenue calculations
2025-12-04 07:37:43,056 - INFO - parsed dates and extracted features
2025-12-04 07:37:43,073 - INFO - prod master: 942 unique products
2025-12-04 07:37:43,204 - INFO - 
final dataset: 391,012 rows
2025-12-04 07:37:43,206 - INFO - unique customers: 4,334
2025-12-04 07:37:43,210 - INFO - unique products: 874
2025-12-04 07:37:43,211 - INFO - date range: 2010-12-01 08:26:00 to 2011-12-09 12:50:00
2025-12-04 07:37:43,212 - INFO - total revenue: $7,470,780.58
2025-12-04 07:37:43,347 - INFO - rfm: 4,334 customers
2025-12-04 07:37:43,367 - INFO - starting optuna: kmeans, 100 trials
2025-12-04 07:38:18,828 - INFO - optuna kmeans: best=1.4107
2025-12-04 07:38:24,901 - INFO - running ensemble clustering: 7 clusters
2025-12-04 07:38:25,416 - INFO - ensemble consensus: 47.24%
2025-12-04 07:38:25,417 - INFO - assessing stability: 50 bootstrap samples
2025-12-04 07:38:29,211 - INFO - stability (ari): 0.370 ± 0.046
2025-12-04 07:38:40,881 - INFO - running ensemble clustering: 3 clusters
2025-12-04 07:38:41,251 - INFO - ensemble consensus: 64.51%
2025-12-04 07:38:41,448 - INFO - assessing stability: 50 bootstrap samples
2025-12-04 07:38:43,831 - INFO - stability (ari): 0.059 ± 0.010
2025-12-04 07:38:44,591 - INFO - generating customer personas
2025-12-04 07:38:44,600 - INFO -   vip champions: 1,758 customers (40.6%)
2025-12-04 07:38:44,605 - INFO -    standard seg 1: 2,563 customers (59.1%)
2025-12-04 07:38:44,609 - INFO -   vip champions: 13 customers (0.3%)
2025-12-04 07:38:45,435 - INFO - generating validation report
2025-12-04 07:38:45,785 - INFO -   silhouette: 0.192
2025-12-04 07:38:45,785 - INFO -   davies-bouldin: 1.218
2025-12-04 07:38:45,786 - INFO -   calinski-harabasz: 1666.8
