2025-12-03 21:34:23,875 - INFO - loaded: 541,909 rows x 8 cols
2025-12-03 21:34:23,888 - INFO - 
=== starting data cleaning ===

2025-12-03 21:34:24,085 - INFO - removed dups: 5,268 rows
2025-12-03 21:34:24,721 - INFO - standardized text formatting
2025-12-03 21:34:26,241 - INFO - removed svc codes: 2,988 rows
2025-12-03 21:34:26,250 - INFO - zero/neg prices: 2,479 rows
2025-12-03 21:34:26,314 - INFO - capped qty: 4,840 at 100
2025-12-03 21:34:26,315 - INFO - capped price: 4,990 at $16.63
2025-12-03 21:34:26,318 - INFO - flagged returns: 8,771 rows (1.7%)
2025-12-03 21:34:26,354 - INFO - validated revenue calculations
2025-12-03 21:34:26,423 - INFO - parsed dates and extracted features
2025-12-03 21:34:26,456 - INFO - prod master: 942 unique products
2025-12-03 21:34:26,763 - INFO - 
final dataset: 391,012 rows
2025-12-03 21:34:26,767 - INFO - unique customers: 4,334
2025-12-03 21:34:26,773 - INFO - unique products: 874
2025-12-03 21:34:26,775 - INFO - date range: 2010-12-01 08:26:00 to 2011-12-09 12:50:00
2025-12-03 21:34:26,777 - INFO - total revenue: $7,470,780.58
2025-12-03 21:34:27,331 - INFO - rfm: 4,334 customers
2025-12-03 21:34:27,491 - INFO - starting optuna: kmeans, 100 trials
2025-12-03 21:35:14,348 - INFO - optuna kmeans: best=1.4107
2025-12-03 21:35:21,339 - INFO - running ensemble clustering: 7 clusters
2025-12-03 21:35:21,948 - INFO - ensemble consensus: 47.24%
2025-12-03 21:35:21,953 - INFO - assessing stability: 50 bootstrap samples
2025-12-03 21:35:26,833 - INFO - stability (ari): 0.361 ± 0.050
2025-12-03 21:35:42,075 - INFO - running ensemble clustering: 3 clusters
2025-12-03 21:35:42,577 - INFO - ensemble consensus: 64.51%
2025-12-03 21:35:42,829 - INFO - assessing stability: 50 bootstrap samples
2025-12-03 21:35:45,835 - INFO - stability (ari): 0.056 ± 0.009
2025-12-03 21:35:46,788 - INFO - running ensemble clustering: 7 clusters
2025-12-03 21:35:47,484 - INFO - ensemble consensus: 47.24%
2025-12-03 21:35:47,487 - INFO - assessing stability: 50 bootstrap samples
2025-12-03 21:35:52,093 - INFO - stability (ari): 0.361 ± 0.045
2025-12-03 21:35:52,101 - INFO - running ensemble clustering: 3 clusters
2025-12-03 21:35:52,539 - INFO - ensemble consensus: 64.51%
2025-12-03 21:35:52,542 - INFO - generating customer personas
2025-12-03 21:35:52,545 - INFO -   vip champions: 1,758 customers (40.6%)
2025-12-03 21:35:52,546 - INFO -    standard seg 1: 2,563 customers (59.1%)
2025-12-03 21:35:52,548 - INFO -   vip champions: 13 customers (0.3%)
2025-12-03 21:35:53,522 - INFO - generating validation report
2025-12-03 21:35:54,046 - INFO -   silhouette: 0.046
2025-12-03 21:35:54,047 - INFO -   davies-bouldin: 1.631
2025-12-03 21:35:54,047 - INFO -   calinski-harabasz: 601.1
