2025-12-03 17:46:12,662 - INFO - loaded: 541,909 rows x 8 cols
2025-12-03 17:46:12,668 - INFO - 
=== starting data cleaning ===

2025-12-03 17:46:12,775 - INFO - removed dups: 5,268 rows
2025-12-03 17:46:13,275 - INFO - standardized text formatting
2025-12-03 17:46:14,186 - INFO - removed svc codes: 2,988 rows
2025-12-03 17:46:14,191 - INFO - zero/neg prices: 2,479 rows
2025-12-03 17:46:14,226 - INFO - capped qty: 4,840 at 100
2025-12-03 17:46:14,227 - INFO - capped price: 4,990 at $16.63
2025-12-03 17:46:14,228 - INFO - flagged returns: 8,771 rows (1.7%)
2025-12-03 17:46:14,250 - INFO - validated revenue calculations
2025-12-03 17:46:14,289 - INFO - parsed dates and extracted features
2025-12-03 17:46:14,312 - INFO - prod master: 942 unique products
2025-12-03 17:46:14,560 - INFO - 
final dataset: 391,012 rows
2025-12-03 17:46:14,568 - INFO - unique customers: 4,334
2025-12-03 17:46:14,578 - INFO - unique products: 874
2025-12-03 17:46:14,579 - INFO - date range: 2010-12-01 08:26:00 to 2011-12-09 12:50:00
2025-12-03 17:46:14,580 - INFO - total revenue: $7,470,780.58
2025-12-03 17:46:14,722 - INFO - rfm: 4,334 customers
2025-12-03 17:46:14,744 - INFO - starting optuna: kmeans, 100 trials
2025-12-03 17:46:52,978 - INFO - optuna kmeans: best=1.4107
2025-12-03 17:46:58,390 - INFO - running ensemble clustering: 7 clusters
2025-12-03 17:46:58,871 - INFO - ensemble consensus: 47.24%
2025-12-03 17:46:58,872 - INFO - assessing stability: 50 bootstrap samples
2025-12-03 17:47:03,352 - INFO - stability (ari): 0.369 ± 0.049
2025-12-03 18:28:18,895 - INFO - running ensemble clustering: 3 clusters
2025-12-03 18:28:19,275 - INFO - ensemble consensus: 64.51%
2025-12-03 18:28:19,476 - INFO - assessing stability: 50 bootstrap samples
2025-12-03 18:28:22,025 - INFO - stability (ari): 0.060 ± 0.009
2025-12-03 18:28:22,875 - INFO - running ensemble clustering: 7 clusters
2025-12-03 18:28:23,452 - INFO - ensemble consensus: 47.24%
2025-12-03 18:28:23,453 - INFO - assessing stability: 50 bootstrap samples
2025-12-03 18:28:27,769 - INFO - stability (ari): 0.353 ± 0.059
2025-12-03 18:28:27,780 - INFO - running ensemble clustering: 3 clusters
2025-12-03 18:28:28,183 - INFO - ensemble consensus: 64.51%
2025-12-03 18:28:28,186 - INFO - generating customer personas
2025-12-03 18:28:28,189 - INFO -   vip champions: 1,758 customers (40.6%)
2025-12-03 18:28:28,190 - INFO -    standard seg 1: 2,563 customers (59.1%)
2025-12-03 18:28:28,191 - INFO -   vip champions: 13 customers (0.3%)
2025-12-03 18:28:29,112 - INFO - generating validation report
2025-12-03 18:28:29,525 - INFO -   silhouette: 0.046
2025-12-03 18:28:29,525 - INFO -   davies-bouldin: 1.631
2025-12-03 18:28:29,526 - INFO -   calinski-harabasz: 601.1
