2025-12-04 04:19:58,614 - INFO - loaded: 541,909 rows x 8 cols
2025-12-04 04:19:58,617 - INFO - 
=== starting data cleaning ===

2025-12-04 04:19:58,745 - INFO - removed dups: 5,268 rows
2025-12-04 04:19:59,227 - INFO - standardized text formatting
2025-12-04 04:20:00,172 - INFO - removed svc codes: 2,988 rows
2025-12-04 04:20:00,176 - INFO - zero/neg prices: 2,479 rows
2025-12-04 04:20:00,214 - INFO - capped qty: 4,840 at 100
2025-12-04 04:20:00,214 - INFO - capped price: 4,990 at $16.63
2025-12-04 04:20:00,216 - INFO - flagged returns: 8,771 rows (1.7%)
2025-12-04 04:20:00,239 - INFO - validated revenue calculations
2025-12-04 04:20:00,281 - INFO - parsed dates and extracted features
2025-12-04 04:20:00,299 - INFO - prod master: 942 unique products
2025-12-04 04:20:00,428 - INFO - 
final dataset: 391,012 rows
2025-12-04 04:20:00,430 - INFO - unique customers: 4,334
2025-12-04 04:20:00,434 - INFO - unique products: 874
2025-12-04 04:20:00,436 - INFO - date range: 2010-12-01 08:26:00 to 2011-12-09 12:50:00
2025-12-04 04:20:00,436 - INFO - total revenue: $7,470,780.58
2025-12-04 04:20:00,579 - INFO - rfm: 4,334 customers
2025-12-04 04:20:00,600 - INFO - starting optuna: kmeans, 100 trials
2025-12-04 04:20:37,442 - INFO - optuna kmeans: best=1.4107
2025-12-04 04:20:42,837 - INFO - running ensemble clustering: 7 clusters
2025-12-04 04:20:43,321 - INFO - ensemble consensus: 47.24%
2025-12-04 04:20:43,323 - INFO - assessing stability: 50 bootstrap samples
2025-12-04 04:20:47,455 - INFO - stability (ari): 0.372 ± 0.042
2025-12-04 04:20:59,615 - INFO - running ensemble clustering: 3 clusters
2025-12-04 04:21:00,004 - INFO - ensemble consensus: 64.51%
2025-12-04 04:21:00,210 - INFO - assessing stability: 50 bootstrap samples
2025-12-04 04:21:02,717 - INFO - stability (ari): 0.059 ± 0.009
2025-12-04 04:21:03,516 - INFO - generating customer personas
2025-12-04 04:21:03,527 - INFO -   vip champions: 1,758 customers (40.6%)
2025-12-04 04:21:03,538 - INFO -    standard seg 1: 2,563 customers (59.1%)
2025-12-04 04:21:03,548 - INFO -   vip champions: 13 customers (0.3%)
2025-12-04 04:21:04,365 - INFO - generating validation report
2025-12-04 04:21:04,759 - INFO -   silhouette: 0.046
2025-12-04 04:21:04,760 - INFO -   davies-bouldin: 1.631
2025-12-04 04:21:04,760 - INFO -   calinski-harabasz: 601.1
