2025-12-03 05:44:51,686 - INFO - loaded: 541,909 rows x 8 cols
2025-12-03 05:44:51,691 - INFO - 
=== starting data cleaning ===

2025-12-03 05:44:51,787 - INFO - removed dups: 5,268 rows
2025-12-03 05:44:52,260 - INFO - standardized text formatting
2025-12-03 05:44:53,117 - INFO - removed svc codes: 2,988 rows
2025-12-03 05:44:53,123 - INFO - zero/neg prices: 2,479 rows
2025-12-03 05:44:53,159 - INFO - capped qty: 4,840 at 100
2025-12-03 05:44:53,159 - INFO - capped price: 4,990 at $16.63
2025-12-03 05:44:53,162 - INFO - flagged returns: 8,771 rows (1.7%)
2025-12-03 05:44:53,182 - INFO - validated revenue calculations
2025-12-03 05:44:53,222 - INFO - parsed dates and extracted features
2025-12-03 05:44:53,240 - INFO - prod master: 942 unique products
2025-12-03 05:44:53,362 - INFO - 
final dataset: 391,012 rows
2025-12-03 05:44:53,364 - INFO - unique customers: 4,334
2025-12-03 05:44:53,369 - INFO - unique products: 874
2025-12-03 05:44:53,370 - INFO - date range: 2010-12-01 08:26:00 to 2011-12-09 12:50:00
2025-12-03 05:44:53,371 - INFO - total revenue: $7,470,780.58
2025-12-03 05:44:53,509 - INFO - rfm: 4,334 customers
2025-12-03 05:44:53,527 - INFO - starting optuna: kmeans, 100 trials
2025-12-03 05:45:29,151 - INFO - optuna kmeans: best=1.4107
