2025-12-03 01:54:24,282 - INFO - loaded: 541,909 rows x 8 cols
2025-12-03 01:54:24,294 - INFO - 
=== starting data cleaning ===

2025-12-03 01:54:24,454 - INFO - removed dups: 5,268 rows
2025-12-03 01:54:24,937 - INFO - standardized text formatting
2025-12-03 01:54:25,963 - INFO - removed svc codes: 2,988 rows
2025-12-03 01:54:25,969 - INFO - zero/neg prices: 2,479 rows
2025-12-03 01:54:26,005 - INFO - capped qty: 4,840 at 100
2025-12-03 01:54:26,005 - INFO - capped price: 4,990 at $16.63
2025-12-03 01:54:26,007 - INFO - flagged returns: 8,771 rows (1.7%)
2025-12-03 01:54:26,032 - INFO - validated revenue calculations
2025-12-03 01:54:26,077 - INFO - parsed dates and extracted features
2025-12-03 01:54:26,095 - INFO - prod master: 942 unique products
2025-12-03 01:54:26,228 - INFO - 
final dataset: 391,012 rows
2025-12-03 01:54:26,230 - INFO - unique customers: 4,334
2025-12-03 01:54:26,234 - INFO - unique products: 874
2025-12-03 01:54:26,236 - INFO - date range: 2010-12-01 08:26:00 to 2011-12-09 12:50:00
2025-12-03 01:54:26,237 - INFO - total revenue: $7,470,780.58
2025-12-03 01:54:26,384 - INFO - rfm: 4,334 customers
2025-12-03 01:54:26,418 - INFO - starting optuna: kmeans, 100 trials
2025-12-03 01:55:09,159 - INFO - optuna kmeans: best=1.4107
2025-12-03 05:38:58,298 - INFO - running ensemble clustering: 3 clusters
2025-12-03 05:38:58,671 - INFO - ensemble consensus: 64.51%
2025-12-03 05:38:58,847 - INFO - assessing stability: 50 bootstrap samples
2025-12-03 05:39:01,373 - INFO - stability (ari): 0.061 ± 0.009
2025-12-03 05:39:02,166 - INFO - running ensemble clustering: 7 clusters
2025-12-03 05:39:02,676 - INFO - ensemble consensus: 47.24%
2025-12-03 05:39:02,677 - INFO - assessing stability: 50 bootstrap samples
2025-12-03 05:39:06,334 - INFO - stability (ari): 0.373 ± 0.051
2025-12-03 05:39:06,340 - INFO - running ensemble clustering: 3 clusters
2025-12-03 05:39:06,648 - INFO - ensemble consensus: 64.51%
2025-12-03 05:39:06,652 - INFO - generating customer personas
2025-12-03 05:39:06,658 - INFO -   vip champions: 1,758 customers (40.6%)
2025-12-03 05:39:06,659 - INFO -    standard seg 1: 2,563 customers (59.1%)
2025-12-03 05:39:06,661 - INFO -   vip champions: 13 customers (0.3%)
2025-12-03 05:39:07,478 - INFO - generating validation report
2025-12-03 05:39:07,884 - INFO -   silhouette: 0.046
2025-12-03 05:39:07,884 - INFO -   davies-bouldin: 1.631
2025-12-03 05:39:07,886 - INFO -   calinski-harabasz: 601.1
